<?xml version="1.0" encoding="UTF-8"?>
<!-- Generated by org.testng.reporters.JUnitReportReporter -->
<testsuite name="testcases.TC005_DeleteLead" tests="3" time="76.482" ignored="0" failures="0" timestamp="09 Apr 2018 01:58:32 GMT" skipped="0" hostname="DESKTOP-LGOVQAN" errors="0">
  <testcase name="deleteTestLead" time="25.339" classname="testcases.TC005_DeleteLead"/>
  <testcase name="deleteTestLead" time="26.091" classname="testcases.TC005_DeleteLead"/>
  <testcase name="deleteTestLead" time="25.052" classname="testcases.TC005_DeleteLead"/>
</testsuite> <!-- testcases.TC005_DeleteLead -->
