<?xml version="1.0" encoding="UTF-8"?>
<!-- Generated by org.testng.reporters.JUnitReportReporter -->
<testsuite name="testcases.TC006_MergeLeads" tests="2" time="83.601" ignored="0" failures="0" timestamp="09 Apr 2018 03:32:01 GMT" skipped="0" hostname="DESKTOP-LGOVQAN" errors="0">
  <testcase name="mergeTestLeads" time="46.119" classname="testcases.TC006_MergeLeads"/>
  <testcase name="mergeTestLeads" time="37.482" classname="testcases.TC006_MergeLeads"/>
</testsuite> <!-- testcases.TC006_MergeLeads -->
