<?xml version="1.0" encoding="UTF-8"?>
<!-- Generated by org.testng.reporters.JUnitReportReporter -->
<testsuite name="testcases.TC003_CreateLead" tests="4" time="89.644" ignored="0" failures="0" timestamp="12 Apr 2018 03:41:45 GMT" skipped="0" hostname="DESKTOP-LGOVQAN" errors="0">
  <testcase name="createTestLead" time="22.418" classname="testcases.TC003_CreateLead"/>
  <testcase name="createTestLead" time="20.559" classname="testcases.TC003_CreateLead"/>
  <testcase name="createTestLead" time="24.842" classname="testcases.TC003_CreateLead"/>
  <testcase name="createTestLead" time="21.825" classname="testcases.TC003_CreateLead"/>
</testsuite> <!-- testcases.TC003_CreateLead -->
