<?xml version="1.0" encoding="UTF-8"?>
<!-- Generated by org.testng.reporters.JUnitReportReporter -->
<testsuite name="testcases.TC007_DuplicateLead" tests="2" time="68.034" ignored="0" failures="0" timestamp="14 Apr 2018 06:30:17 GMT" skipped="0" hostname="DESKTOP-LGOVQAN" errors="0">
  <testcase name="duplicateTestLead" time="28.184" classname="testcases.TC007_DuplicateLead"/>
  <testcase name="duplicateTestLead" time="39.850" classname="testcases.TC007_DuplicateLead"/>
</testsuite> <!-- testcases.TC007_DuplicateLead -->
