<?xml version="1.0" encoding="UTF-8"?>
<!-- Generated by org.testng.reporters.JUnitReportReporter -->
<testsuite name="testcases.TC004_EditLead" tests="2" time="48.647" ignored="0" failures="0" timestamp="08 Apr 2018 13:40:37 GMT" skipped="0" hostname="DESKTOP-LGOVQAN" errors="0">
  <testcase name="createTestLead" time="22.290" classname="testcases.TC004_EditLead"/>
  <testcase name="createTestLead" time="26.357" classname="testcases.TC004_EditLead"/>
</testsuite> <!-- testcases.TC004_EditLead -->
